
de - 2017-12-01 - 04:04:18 ----

==== 2017-12-01 - 04:08:01 ====

en - 2017-12-01 - 04:17:30 ----

==== 2017-12-01 - 04:25:26 ====

el - 2017-12-01 - 04:32:48 ----

es - 2017-12-01 - 04:32:51 ----
es - San Antonio (Chile) = lat | long

fa - 2017-12-01 - 04:33:00 ----

fi - 2017-12-01 - 04:33:19 ----

fr - 2017-12-01 - 04:33:22 ----

he - 2017-12-01 - 04:36:12 ----

==== 2017-12-01 - 04:36:26 ====

it - 2017-12-01 - 04:47:32 ----

nl - 2017-12-01 - 04:50:27 ----

pl - 2017-12-01 - 04:50:33 ----

pt - 2017-12-01 - 04:50:39 ----

ro - 2017-12-01 - 04:50:46 ----

ru - 2017-12-01 - 04:50:48 ----

sv - 2017-12-01 - 04:51:56 ----

uk - 2017-12-01 - 04:52:03 ----

vi - 2017-12-01 - 04:52:05 ----

zh - 2017-12-01 - 04:52:09 ----

==== 2017-12-01 - 04:52:17 ====
